2021-02-02 22:50:47,883 - __main__ - INFO : [DellEMCECSDataCollection] ECS_Data_Collection_Module::ecs_config()::We have configured logging level to: Level 20
2021-02-02 22:50:47,883 - __main__ - INFO : [DellEMCECSDataCollection] ECS_Data_Collection_Module::ecs_config()::Configuring ECS SAML Demo Module complete.
2021-02-02 22:50:47,884 - __main__ - INFO : [DellEMCECSDataCollection] ECSAuthentication::Object instance initialization complete.
2021-02-02 22:50:47,884 - __main__ - INFO : [DellEMCECSDataCollection] ECSAuthentication::connect()::We are about to attempt to connect to ECS with the following URL : https://10.246.155.71:4443/login
2021-02-02 22:50:48,606 - __main__ - INFO : [DellEMCECSDataCollection] ECSAuthentication::connect()::login call to ECS returned with status code: 200
2021-02-02 22:50:48,606 - __main__ - INFO : [DellEMCECSDataCollection] ECSAuthentication::connect()::login call returned with a 200 status code.  X-SDS-AUTH-TOKEN Header contains: BAAcakg3WmZLeEJrdUsySDNZVDFHam9VbnVja0hBPQMAjAQASHVybjpzdG9yYWdlb3M6VmlydHVhbERhdGFDZW50ZXJEYXRhOjM3YjcxZjhjLWZjNjAtNDMzZi04MWI4LTEzZDIzNDhlN2UwYwIADTE2MTIyNjIxNzM0MDgDAC51cm46VG9rZW46MWI5MzVmMjEtNmI2ZC00ODg5LWJiN2EtNjQyYzY4ZTA0MjBlAgAC0A8=
2021-02-02 23:12:16,468 - __main__ - INFO : [DellEMCECSDataCollection] ECS_Data_Collection_Module::ecs_config()::We have configured logging level to: Level 20
2021-02-02 23:12:16,468 - __main__ - INFO : [DellEMCECSDataCollection] ECS_Data_Collection_Module::ecs_config()::Configuring ECS SAML Demo Module complete.
2021-02-02 23:12:16,468 - __main__ - INFO : [DellEMCECSDataCollection] ECSAuthentication::Object instance initialization complete.
2021-02-02 23:12:16,469 - __main__ - INFO : [DellEMCECSDataCollection] ECSAuthentication::connect()::We are about to attempt to connect to ECS with the following URL : https://10.246.155.71:4443/login
2021-02-02 23:12:17,197 - __main__ - INFO : [DellEMCECSDataCollection] ECSAuthentication::connect()::login call to ECS returned with status code: 200
2021-02-02 23:12:17,197 - __main__ - INFO : [DellEMCECSDataCollection] ECSAuthentication::connect()::login call returned with a 200 status code.  X-SDS-AUTH-TOKEN Header contains: BAAcS20wSmdEZ1V3STVnNnVQMnZmM2xpNzdXVzZzPQMAjAQASHVybjpzdG9yYWdlb3M6VmlydHVhbERhdGFDZW50ZXJEYXRhOjM3YjcxZjhjLWZjNjAtNDMzZi04MWI4LTEzZDIzNDhlN2UwYwIADTE2MTIyNjIxNzM0MDgDAC51cm46VG9rZW46NTk4MzAxNTAtYzQ4ZS00YTM0LWEzMTgtZGE3MTBmZDEzOTYzAgAC0A8=
2021-02-02 23:12:24,200 - __main__ - INFO : [DellEMCECSDataCollection] ECS_Data_Collection_Module::ECSDataCollection()::init method of class called
2021-02-02 23:12:24,200 - __main__ - INFO : [DellEMCECSDataCollection] ECS_Data_Collection_Module::ECSDataCollection()::Starting method: ecs_assume_role_saml
2021-02-02 23:12:24,900 - __main__ - ERROR : [DellEMCECSDataCollection] ECSManagementAPI::assume_role_with_saml()::/sts?Action=AssumeRoleWithSAML call against host 10.246.155.71 failed with a status code of 404
2021-02-02 23:12:24,901 - __main__ - INFO : [DellEMCECSDataCollection] ECS_Data_Collection_Module::ecs_assume_role_saml()::Unable to retrieve temporary credentials for role urn:ecs:iam::pingfederatens:role/ECS-TestRole and provider urn:ecs:iam::pingfederatens:saml-provider/PingFederateIdP
2021-02-02 23:12:25,653 - __main__ - ERROR : [DellEMCECSDataCollection] ECSManagementAPI::assume_role_with_saml()::/sts?Action=AssumeRoleWithSAML call against host 10.246.155.71 failed with a status code of 404
2021-02-02 23:12:25,653 - __main__ - INFO : [DellEMCECSDataCollection] ECS_Data_Collection_Module::ecs_assume_role_saml()::Unable to retrieve temporary credentials for role urn:ecs:iam::pingfederatens:role/ECS-Production and provider urn:ecs:iam::pingfederatens:saml-provider/PingFederateIdP
2021-02-02 23:12:26,355 - __main__ - INFO : [DellEMCECSDataCollection] ECS_Data_Collection_Module::ecs_assume_role_saml()::Retrieved the following temporary credentials for role urn:ecs:iam::pingfederatens:role/ECS-DEV and provider: urn:ecs:iam::pingfederatens:saml-provider/PingFederateIdP
2021-02-02 23:12:26,356 - __main__ - INFO : [DellEMCECSDataCollection] ECS_Data_Collection_Module::ecs_assume_role_saml()::aws_access_key_id: ASIAC11DA773C284F107
2021-02-02 23:12:26,356 - __main__ - INFO : [DellEMCECSDataCollection] ECS_Data_Collection_Module::ecs_assume_role_saml()::aws_secret_access_key: CtNzRgNoGMsRjY4N4wDB6htR7VNdyCPsZoSqFee0FrI
2021-02-02 23:12:26,356 - __main__ - INFO : [DellEMCECSDataCollection] ECS_Data_Collection_Module::ecs_assume_role_saml()::aws_session_token: Cg5waW5nZmVkZXJhdGVucxoUQVJPQTNBRURDMkY2MDM2MjZDMjciKHVybjplY3M6aWFtOjpwaW5nZmVkZXJhdGVuczpyb2xlL0VDUy1ERVYqFEFTSUFDMTFEQTc3M0MyODRGMTA3MlBNYXN0ZXJLZXlSZWNvcmQtM2RhNGUyZTZjMjBjYjM4NjQ1ZWUyZWI5ZDVlMWM1MTgyYmEwYWI0NzViMTA4OGFhOTQwZjMyMmUwMjVhM2NkNTjLwMux9i5SC2JvYkBldGQuY29tWiwKCHNhbWw6YXVkEiBodHRwczovL2xnbGkwNzEubHNzLmVtYy5jb20vc2FtbFoRCghzYW1sOnN1YhIFU21pdGhaGwoNc2FtbDpzdWJfdHlwZRIKcGVyc2lzdGVudFoyChJzYW1sOm5hbWVxdWFsaWZpZXISHGtBRmFRZ1B0N0xrK3RRL3B2ZUZtY0x3SEgyWT1aEQoIc2FtbDppc3MSBTg3NjI5Yjl1cm46ZWNzOmlhbTo6cGluZ2ZlZGVyYXRlbnM6c2FtbC1wcm92aWRlci9QaW5nRmVkZXJhdGVJZFBoqsXogAY
2021-02-02 23:19:49,898 - __main__ - INFO : [DellEMCECSDataCollection] ECS_Data_Collection_Module::ecs_config()::We have configured logging level to: Level 20
2021-02-02 23:19:49,899 - __main__ - INFO : [DellEMCECSDataCollection] ECS_Data_Collection_Module::ecs_config()::Configuring ECS SAML Demo Module complete.
2021-02-02 23:19:49,899 - __main__ - INFO : [DellEMCECSDataCollection] ECSAuthentication::Object instance initialization complete.
2021-02-02 23:19:49,899 - __main__ - INFO : [DellEMCECSDataCollection] ECSAuthentication::connect()::We are about to attempt to connect to ECS with the following URL : https://10.246.155.71:4443/login
2021-02-02 23:19:50,652 - __main__ - INFO : [DellEMCECSDataCollection] ECSAuthentication::connect()::login call to ECS returned with status code: 200
2021-02-02 23:19:50,652 - __main__ - INFO : [DellEMCECSDataCollection] ECSAuthentication::connect()::login call returned with a 200 status code.  X-SDS-AUTH-TOKEN Header contains: BAAcdWZsbDZCbnpMckZkMk9wejhldVo5cVhMTHI0PQMAjAQASHVybjpzdG9yYWdlb3M6VmlydHVhbERhdGFDZW50ZXJEYXRhOjM3YjcxZjhjLWZjNjAtNDMzZi04MWI4LTEzZDIzNDhlN2UwYwIADTE2MTIyNjIxNzM0MDgDAC51cm46VG9rZW46MTVlNjI5M2MtZGFiMS00ODZlLTliYjItODM3Y2EzMWY1ZWE1AgAC0A8=
2021-02-02 23:19:55,897 - __main__ - INFO : [DellEMCECSDataCollection] ECS_Data_Collection_Module::ECSDataCollection()::init method of class called
2021-02-02 23:19:55,897 - __main__ - INFO : [DellEMCECSDataCollection] ECS_Data_Collection_Module::ECSDataCollection()::Starting method: ecs_assume_role_saml
2021-02-02 23:19:56,612 - __main__ - ERROR : [DellEMCECSDataCollection] ECSManagementAPI::assume_role_with_saml()::/sts?Action=AssumeRoleWithSAML call against host 10.246.155.71 failed with a status code of 404
2021-02-02 23:19:56,612 - __main__ - INFO : [DellEMCECSDataCollection] ECS_Data_Collection_Module::ecs_assume_role_saml()::Unable to retrieve temporary credentials for role urn:ecs:iam::pingfederatens:role/ECS-TestRole and provider urn:ecs:iam::pingfederatens:saml-provider/PingFederateIdP
2021-02-02 23:19:57,344 - __main__ - ERROR : [DellEMCECSDataCollection] ECSManagementAPI::assume_role_with_saml()::/sts?Action=AssumeRoleWithSAML call against host 10.246.155.71 failed with a status code of 404
2021-02-02 23:19:57,344 - __main__ - INFO : [DellEMCECSDataCollection] ECS_Data_Collection_Module::ecs_assume_role_saml()::Unable to retrieve temporary credentials for role urn:ecs:iam::pingfederatens:role/ECS-Production and provider urn:ecs:iam::pingfederatens:saml-provider/PingFederateIdP
2021-02-02 23:19:58,071 - __main__ - INFO : [DellEMCECSDataCollection] ECS_Data_Collection_Module::ecs_assume_role_saml()::Retrieved the following temporary credentials for role urn:ecs:iam::pingfederatens:role/ECS-DEV and provider: urn:ecs:iam::pingfederatens:saml-provider/PingFederateIdP
2021-02-02 23:19:58,072 - __main__ - INFO : [DellEMCECSDataCollection] ECS_Data_Collection_Module::ecs_assume_role_saml()::aws_access_key_id: ASIAC85BC43A756A696B
2021-02-02 23:19:58,073 - __main__ - INFO : [DellEMCECSDataCollection] ECS_Data_Collection_Module::ecs_assume_role_saml()::aws_secret_access_key: x4x9wqc5OAfYvEERs2FhlWOh61ka_UbSmdeSSKSCark
2021-02-02 23:19:58,073 - __main__ - INFO : [DellEMCECSDataCollection] ECS_Data_Collection_Module::ecs_assume_role_saml()::aws_session_token: Cg5waW5nZmVkZXJhdGVucxoUQVJPQTNBRURDMkY2MDM2MjZDMjciKHVybjplY3M6aWFtOjpwaW5nZmVkZXJhdGVuczpyb2xlL0VDUy1ERVYqFEFTSUFDODVCQzQzQTc1NkE2OTZCMlBNYXN0ZXJLZXlSZWNvcmQtM2RhNGUyZTZjMjBjYjM4NjQ1ZWUyZWI5ZDVlMWM1MTgyYmEwYWI0NzViMTA4OGFhOTQwZjMyMmUwMjVhM2NkNTjIieex9i5SC2JvYkBldGQuY29tWiwKCHNhbWw6YXVkEiBodHRwczovL2xnbGkwNzEubHNzLmVtYy5jb20vc2FtbFoRCghzYW1sOnN1YhIFU21pdGhaGwoNc2FtbDpzdWJfdHlwZRIKcGVyc2lzdGVudFoyChJzYW1sOm5hbWVxdWFsaWZpZXISHGtBRmFRZ1B0N0xrK3RRL3B2ZUZtY0x3SEgyWT1aEQoIc2FtbDppc3MSBTg3NjI5Yjl1cm46ZWNzOmlhbTo6cGluZ2ZlZGVyYXRlbnM6c2FtbC1wcm92aWRlci9QaW5nRmVkZXJhdGVJZFBo7cjogAY
